# JRE version: Java(TM) SE Runtime Environment (9.0+11) (build 9.0.1+11)
# Java VM: Java HotSpot(TM) 64-Bit Server VM (9.0.1+11, mixed mode, tiered, compressed oops, g1 gc, windows-amd64)
Heap:
 garbage-first heap   total 258048K, used 30503K [0x00000006c5c00000, 0x00000006c5d007e0, 0x00000007c0000000)
  region size 1024K, 24 young (24576K), 7 survivors (7168K)
 Metaspace       used 23359K, capacity 24196K, committed 24320K, reserved 1071104K
  class space    used 2556K, capacity 2763K, committed 2816K, reserved 1048576K
GC Heap History (6 events):
Event: 1.084 GC heap before
{Heap before GC invocations=0 (full 0):
 garbage-first heap   total 258048K, used 24576K [0x00000006c5c00000, 0x00000006c5d007e0, 0x00000007c0000000)
  region size 1024K, 24 young (24576K), 0 survivors (0K)
 Metaspace       used 12403K, capacity 12704K, committed 12928K, reserved 1060864K
  class space    used 1285K, capacity 1385K, committed 1408K, reserved 1048576K
}
Event: 1.090 GC heap after
{Heap after GC invocations=1 (full 0):
 garbage-first heap   total 258048K, used 6488K [0x00000006c5c00000, 0x00000006c5d007e0, 0x00000007c0000000)
  region size 1024K, 3 young (3072K), 3 survivors (3072K)
 Metaspace       used 12403K, capacity 12704K, committed 12928K, reserved 1060864K
  class space    used 1285K, capacity 1385K, committed 1408K, reserved 1048576K
}
Event: 2.463 GC heap before
{Heap before GC invocations=1 (full 0):
 garbage-first heap   total 258048K, used 86360K [0x00000006c5c00000, 0x00000006c5d007e0, 0x00000007c0000000)
  region size 1024K, 82 young (83968K), 3 survivors (3072K)
 Metaspace       used 20593K, capacity 21094K, committed 21248K, reserved 1069056K
  class space    used 2315K, capacity 2468K, committed 2560K, reserved 1048576K
}
Event: 2.481 GC heap after
{Heap after GC invocations=2 (full 0):
 garbage-first heap   total 258048K, used 17747K [0x00000006c5c00000, 0x00000006c5d007e0, 0x00000007c0000000)
  region size 1024K, 14 young (14336K), 14 survivors (14336K)
 Metaspace       used 20593K, capacity 21094K, committed 21248K, reserved 1069056K
  class space    used 2315K, capacity 2468K, committed 2560K, reserved 1048576K
}
Event: 4.270 GC heap before
{Heap before GC invocations=3 (full 0):
 garbage-first heap   total 258048K, used 90107K [0x00000006c5c00000, 0x00000006c5d007e0, 0x00000007c0000000)
  region size 1024K, 87 young (89088K), 14 survivors (14336K)
 Metaspace       used 23224K, capacity 24116K, committed 24320K, reserved 1071104K
  class space    used 2552K, capacity 2761K, committed 2816K, reserved 1048576K
}
Event: 4.292 GC heap after
{Heap after GC invocations=4 (full 0):
 garbage-first heap   total 258048K, used 14119K [0x00000006c5c00000, 0x00000006c5d007e0, 0x00000007c0000000)
  region size 1024K, 7 young (7168K), 7 survivors (7168K)
 Metaspace       used 23224K, capacity 24116K, committed 24320K, reserved 1071104K
  class space    used 2552K, capacity 2761K, committed 2816K, reserved 1048576K
}

